# JRE version: OpenJDK Runtime Environment (17.0.9) (build 17.0.9+0--11185874)
# Java VM: OpenJDK 64-Bit Server VM (17.0.9+0--11185874, mixed mode, tiered, compressed oops, compressed class ptrs, g1 gc, windows-amd64)
GC Precious Log:
 CPUs: 12 total, 12 available
 Memory: 18293M
 Large Page Support: Disabled
 NUMA Support: Disabled
 Compressed Oops: Enabled (Zero based)
 Heap Region Size: 4M
 Heap Min Capacity: 8M
 Heap Initial Capacity: 288M
 Heap Max Capacity: 4576M
 Pre-touch: Disabled
 Parallel Workers: 10
 Concurrent Workers: 3
 Concurrent Refinement Workers: 10
 Periodic GC: Disabled
Heap:
 garbage-first heap   total 98304K, used 29418K [0x00000006e2000000, 0x0000000800000000)
  region size 4096K, 2 young (8192K), 1 survivors (4096K)
 Metaspace       used 48535K, committed 48768K, reserved 1114112K
  class space    used 5914K, committed 6016K, reserved 1048576K
GC Heap History (18 events):
Event: 0.567 GC heap before
{Heap before GC invocations=0 (full 0):
 garbage-first heap   total 294912K, used 24576K [0x00000006e2000000, 0x0000000800000000)
  region size 4096K, 5 young (20480K), 0 survivors (0K)
 Metaspace       used 12163K, committed 12352K, reserved 1114112K
  class space    used 1139K, committed 1216K, reserved 1048576K
}
Event: 0.569 GC heap after
{Heap after GC invocations=1 (full 0):
 garbage-first heap   total 294912K, used 6510K [0x00000006e2000000, 0x0000000800000000)
  region size 4096K, 1 young (4096K), 1 survivors (4096K)
 Metaspace       used 12163K, committed 12352K, reserved 1114112K
  class space    used 1139K, committed 1216K, reserved 1048576K
}
Event: 1.144 GC heap before
{Heap before GC invocations=1 (full 0):
 garbage-first heap   total 294912K, used 31086K [0x00000006e2000000, 0x0000000800000000)
  region size 4096K, 7 young (28672K), 1 survivors (4096K)
 Metaspace       used 17870K, committed 17984K, reserved 1114112K
  class space    used 1831K, committed 1856K, reserved 1048576K
}
Event: 1.150 GC heap after
{Heap after GC invocations=2 (full 0):
 garbage-first heap   total 294912K, used 9666K [0x00000006e2000000, 0x0000000800000000)
  region size 4096K, 1 young (4096K), 1 survivors (4096K)
 Metaspace       used 17870K, committed 17984K, reserved 1114112K
  class space    used 1831K, committed 1856K, reserved 1048576K
}
Event: 1.377 GC heap before
{Heap before GC invocations=2 (full 0):
 garbage-first heap   total 294912K, used 21954K [0x00000006e2000000, 0x0000000800000000)
  region size 4096K, 5 young (20480K), 1 survivors (4096K)
 Metaspace       used 21361K, committed 21504K, reserved 1114112K
  class space    used 2333K, committed 2432K, reserved 1048576K
}
Event: 1.379 GC heap after
{Heap after GC invocations=3 (full 0):
 garbage-first heap   total 294912K, used 10420K [0x00000006e2000000, 0x0000000800000000)
  region size 4096K, 1 young (4096K), 1 survivors (4096K)
 Metaspace       used 21361K, committed 21504K, reserved 1114112K
  class space    used 2333K, committed 2432K, reserved 1048576K
}
Event: 1.903 GC heap before
{Heap before GC invocations=4 (full 0):
 garbage-first heap   total 57344K, used 39092K [0x00000006e2000000, 0x0000000800000000)
  region size 4096K, 8 young (32768K), 1 survivors (4096K)
 Metaspace       used 29283K, committed 29504K, reserved 1114112K
  class space    used 3617K, committed 3712K, reserved 1048576K
}
Event: 1.910 GC heap after
{Heap after GC invocations=5 (full 0):
 garbage-first heap   total 57344K, used 12962K [0x00000006e2000000, 0x0000000800000000)
  region size 4096K, 1 young (4096K), 1 survivors (4096K)
 Metaspace       used 29283K, committed 29504K, reserved 1114112K
  class space    used 3617K, committed 3712K, reserved 1048576K
}
Event: 1.955 GC heap before
{Heap before GC invocations=5 (full 0):
 garbage-first heap   total 57344K, used 17058K [0x00000006e2000000, 0x0000000800000000)
  region size 4096K, 2 young (8192K), 1 survivors (4096K)
 Metaspace       used 29294K, committed 29504K, reserved 1114112K
  class space    used 3617K, committed 3712K, reserved 1048576K
}
Event: 1.963 GC heap after
{Heap after GC invocations=6 (full 0):
 garbage-first heap   total 57344K, used 14146K [0x00000006e2000000, 0x0000000800000000)
  region size 4096K, 1 young (4096K), 1 survivors (4096K)
 Metaspace       used 29294K, committed 29504K, reserved 1114112K
  class space    used 3617K, committed 3712K, reserved 1048576K
}
Event: 2.175 GC heap before
{Heap before GC invocations=6 (full 0):
 garbage-first heap   total 57344K, used 30530K [0x00000006e2000000, 0x0000000800000000)
  region size 4096K, 5 young (20480K), 1 survivors (4096K)
 Metaspace       used 31238K, committed 31488K, reserved 1114112K
  class space    used 4046K, committed 4160K, reserved 1048576K
}
Event: 2.184 GC heap after
{Heap after GC invocations=7 (full 0):
 garbage-first heap   total 176128K, used 18444K [0x00000006e2000000, 0x0000000800000000)
  region size 4096K, 1 young (4096K), 1 survivors (4096K)
 Metaspace       used 31238K, committed 31488K, reserved 1114112K
  class space    used 4046K, committed 4160K, reserved 1048576K
}
Event: 2.505 GC heap before
{Heap before GC invocations=7 (full 0):
 garbage-first heap   total 176128K, used 38924K [0x00000006e2000000, 0x0000000800000000)
  region size 4096K, 7 young (28672K), 1 survivors (4096K)
 Metaspace       used 35987K, committed 36160K, reserved 1114112K
  class space    used 4572K, committed 4672K, reserved 1048576K
}
Event: 2.512 GC heap after
{Heap after GC invocations=8 (full 0):
 garbage-first heap   total 176128K, used 19615K [0x00000006e2000000, 0x0000000800000000)
  region size 4096K, 2 young (8192K), 2 survivors (8192K)
 Metaspace       used 35987K, committed 36160K, reserved 1114112K
  class space    used 4572K, committed 4672K, reserved 1048576K
}
Event: 3.661 GC heap before
{Heap before GC invocations=9 (full 0):
 garbage-first heap   total 98304K, used 68767K [0x00000006e2000000, 0x0000000800000000)
  region size 4096K, 14 young (57344K), 2 survivors (8192K)
 Metaspace       used 46709K, committed 46976K, reserved 1114112K
  class space    used 5724K, committed 5824K, reserved 1048576K
}
Event: 3.675 GC heap after
{Heap after GC invocations=10 (full 0):
 garbage-first heap   total 98304K, used 25373K [0x00000006e2000000, 0x0000000800000000)
  region size 4096K, 2 young (8192K), 2 survivors (8192K)
 Metaspace       used 46709K, committed 46976K, reserved 1114112K
  class space    used 5724K, committed 5824K, reserved 1048576K
}
Event: 4.096 GC heap before
{Heap before GC invocations=10 (full 0):
 garbage-first heap   total 98304K, used 62237K [0x00000006e2000000, 0x0000000800000000)
  region size 4096K, 11 young (45056K), 2 survivors (8192K)
 Metaspace       used 47769K, committed 47936K, reserved 1114112K
  class space    used 5820K, committed 5888K, reserved 1048576K
}
Event: 4.114 GC heap after
{Heap after GC invocations=11 (full 0):
 garbage-first heap   total 98304K, used 29418K [0x00000006e2000000, 0x0000000800000000)
  region size 4096K, 1 young (4096K), 1 survivors (4096K)
 Metaspace       used 47769K, committed 47936K, reserved 1114112K
  class space    used 5820K, committed 5888K, reserved 1048576K
}

